This is pdfTeX, Version 3.141592653-2.6-1.40.26 (MiKTeX 24.4) (preloaded format=pdflatex 2024.10.7)  21 OCT 2024 15:51
entering extended mode
 restricted \write18 enabled.
 file:line:error style messages enabled.
 %&-line parsing enabled.
**"c:/Users/911BL/Documents/GitHub/LFR/LFR Report LaTeX - Sections split up/main.tex"
(c:/Users/911BL/Documents/GitHub/LFR/LFR Report LaTeX - Sections split up/main.tex
LaTeX2e <2024-06-01> patch level 2
L3 programming layer <2024-08-30>
(C:\Users\911BL\AppData\Local\Programs\MiKTeX\tex/latex/base\article.cls
Document Class: article 2024/02/08 v1.4n Standard LaTeX document class
(C:\Users\911BL\AppData\Local\Programs\MiKTeX\tex/latex/base\size10.clo
File: size10.clo 2024/02/08 v1.4n Standard LaTeX file (size option)
)
\c@part=\count194
\c@section=\count195
\c@subsection=\count196
\c@subsubsection=\count197
\c@paragraph=\count198
\c@subparagraph=\count199
\c@figure=\count266
\c@table=\count267
\abovecaptionskip=\skip49
\belowcaptionskip=\skip50
\bibindent=\dimen141
) (C:\Users\911BL\AppData\Local\Programs\MiKTeX\tex/generic/babel\babel.sty
Package: babel 2024/08/29 v24.9 The Babel package
\babel@savecnt=\count268
\U@D=\dimen142
\l@unhyphenated=\language79
 (C:\Users\911BL\AppData\Local\Programs\MiKTeX\tex/generic/babel\txtbabel.def)
\bbl@readstream=\read2
\bbl@dirlevel=\count269

*************************************
* Local config file bblopts.cfg used
*
(C:\Users\911BL\AppData\Local\Programs\MiKTeX\tex/latex/arabi\bblopts.cfg
File: bblopts.cfg 2005/09/08 v0.1 add Arabic and Farsi to "declared" options of babel
) (C:\Users\911BL\AppData\Local\Programs\MiKTeX\tex/latex/babel-english\english.ldf
Language: english 2017/06/06 v3.3r English support from the babel system
Package babel Info: Hyphen rules for 'canadian' set to \l@english
(babel)             (\language0). Reported on input line 102.
Package babel Info: Hyphen rules for 'australian' set to \l@ukenglish
(babel)             (\language73). Reported on input line 105.
Package babel Info: Hyphen rules for 'newzealand' set to \l@ukenglish
(babel)             (\language73). Reported on input line 108.
)) (C:\Users\911BL\AppData\Local\Programs\MiKTeX\tex/generic/babel/locale/en\babel-english.tex
Package babel Info: Importing font and identification data for english
(babel)             from babel-en.ini. Reported on input line 11.
) (C:\Users\911BL\AppData\Local\Programs\MiKTeX\tex/latex/geometry\geometry.sty
Package: geometry 2020/01/02 v5.9 Page Geometry
 (C:\Users\911BL\AppData\Local\Programs\MiKTeX\tex/latex/graphics\keyval.sty
Package: keyval 2022/05/29 v1.15 key=value parser (DPC)
\KV@toks@=\toks17
) (C:\Users\911BL\AppData\Local\Programs\MiKTeX\tex/generic/iftex\ifvtex.sty
Package: ifvtex 2019/10/25 v1.7 ifvtex legacy package. Use iftex instead.
 (C:\Users\911BL\AppData\Local\Programs\MiKTeX\tex/generic/iftex\iftex.sty
Package: iftex 2022/02/03 v1.0f TeX engine tests
))
\Gm@cnth=\count270
\Gm@cntv=\count271
\c@Gm@tempcnt=\count272
\Gm@bindingoffset=\dimen143
\Gm@wd@mp=\dimen144
\Gm@odd@mp=\dimen145
\Gm@even@mp=\dimen146
\Gm@layoutwidth=\dimen147
\Gm@layoutheight=\dimen148
\Gm@layouthoffset=\dimen149
\Gm@layoutvoffset=\dimen150
\Gm@dimlist=\toks18
 (C:\Users\911BL\AppData\Local\Programs\MiKTeX\tex/latex/geometry\geometry.cfg)) (C:\Users\911BL\AppData\Local\Programs\MiKTeX\tex/latex/amsmath\amsmath.sty
Package: amsmath 2024/05/23 v2.17q AMS math features
\@mathmargin=\skip51

For additional information on amsmath, use the `?' option.
(C:\Users\911BL\AppData\Local\Programs\MiKTeX\tex/latex/amsmath\amstext.sty
Package: amstext 2021/08/26 v2.01 AMS text
 (C:\Users\911BL\AppData\Local\Programs\MiKTeX\tex/latex/amsmath\amsgen.sty
File: amsgen.sty 1999/11/30 v2.0 generic functions
\@emptytoks=\toks19
\ex@=\dimen151
)) (C:\Users\911BL\AppData\Local\Programs\MiKTeX\tex/latex/amsmath\amsbsy.sty
Package: amsbsy 1999/11/29 v1.2d Bold Symbols
\pmbraise@=\dimen152
) (C:\Users\911BL\AppData\Local\Programs\MiKTeX\tex/latex/amsmath\amsopn.sty
Package: amsopn 2022/04/08 v2.04 operator names
)
\inf@bad=\count273
LaTeX Info: Redefining \frac on input line 233.
\uproot@=\count274
\leftroot@=\count275
LaTeX Info: Redefining \overline on input line 398.
LaTeX Info: Redefining \colon on input line 409.
\classnum@=\count276
\DOTSCASE@=\count277
LaTeX Info: Redefining \ldots on input line 495.
LaTeX Info: Redefining \dots on input line 498.
LaTeX Info: Redefining \cdots on input line 619.
\Mathstrutbox@=\box52
\strutbox@=\box53
LaTeX Info: Redefining \big on input line 721.
LaTeX Info: Redefining \Big on input line 722.
LaTeX Info: Redefining \bigg on input line 723.
LaTeX Info: Redefining \Bigg on input line 724.
\big@size=\dimen153
LaTeX Font Info:    Redeclaring font encoding OML on input line 742.
LaTeX Font Info:    Redeclaring font encoding OMS on input line 743.
\macc@depth=\count278
LaTeX Info: Redefining \bmod on input line 904.
LaTeX Info: Redefining \pmod on input line 909.
LaTeX Info: Redefining \smash on input line 939.
LaTeX Info: Redefining \relbar on input line 969.
LaTeX Info: Redefining \Relbar on input line 970.
\c@MaxMatrixCols=\count279
\dotsspace@=\muskip17
\c@parentequation=\count280
\dspbrk@lvl=\count281
\tag@help=\toks20
\row@=\count282
\column@=\count283
\maxfields@=\count284
\andhelp@=\toks21
\eqnshift@=\dimen154
\alignsep@=\dimen155
\tagshift@=\dimen156
\tagwidth@=\dimen157
\totwidth@=\dimen158
\lineht@=\dimen159
\@envbody=\toks22
\multlinegap=\skip52
\multlinetaggap=\skip53
\mathdisplay@stack=\toks23
LaTeX Info: Redefining \[ on input line 2953.
LaTeX Info: Redefining \] on input line 2954.
) (C:\Users\911BL\AppData\Local\Programs\MiKTeX\tex/latex/graphics\graphicx.sty
Package: graphicx 2021/09/16 v1.2d Enhanced LaTeX Graphics (DPC,SPQR)
 (C:\Users\911BL\AppData\Local\Programs\MiKTeX\tex/latex/graphics\graphics.sty
Package: graphics 2024/05/23 v1.4g Standard LaTeX Graphics (DPC,SPQR)
 (C:\Users\911BL\AppData\Local\Programs\MiKTeX\tex/latex/graphics\trig.sty
Package: trig 2023/12/02 v1.11 sin cos tan (DPC)
) (C:\Users\911BL\AppData\Local\Programs\MiKTeX\tex/latex/graphics-cfg\graphics.cfg
File: graphics.cfg 2016/06/04 v1.11 sample graphics configuration
)
Package graphics Info: Driver file: pdftex.def on input line 106.
 (C:\Users\911BL\AppData\Local\Programs\MiKTeX\tex/latex/graphics-def\pdftex.def
File: pdftex.def 2024/04/13 v1.2c Graphics/color driver for pdftex
))
\Gin@req@height=\dimen160
\Gin@req@width=\dimen161
) (C:\Users\911BL\AppData\Local\Programs\MiKTeX\tex/latex/hyperref\hyperref.sty
Package: hyperref 2024-07-10 v7.01j Hypertext links for LaTeX
 (C:\Users\911BL\AppData\Local\Programs\MiKTeX\tex/latex/kvsetkeys\kvsetkeys.sty
Package: kvsetkeys 2022-10-05 v1.19 Key value parser (HO)
) (C:\Users\911BL\AppData\Local\Programs\MiKTeX\tex/generic/kvdefinekeys\kvdefinekeys.sty
Package: kvdefinekeys 2019-12-19 v1.6 Define keys (HO)
) (C:\Users\911BL\AppData\Local\Programs\MiKTeX\tex/generic/pdfescape\pdfescape.sty
Package: pdfescape 2019/12/09 v1.15 Implements pdfTeX's escape features (HO)
 (C:\Users\911BL\AppData\Local\Programs\MiKTeX\tex/generic/ltxcmds\ltxcmds.sty
Package: ltxcmds 2023-12-04 v1.26 LaTeX kernel commands for general use (HO)
) (C:\Users\911BL\AppData\Local\Programs\MiKTeX\tex/generic/pdftexcmds\pdftexcmds.sty
Package: pdftexcmds 2020-06-27 v0.33 Utility functions of pdfTeX for LuaTeX (HO)
 (C:\Users\911BL\AppData\Local\Programs\MiKTeX\tex/generic/infwarerr\infwarerr.sty
Package: infwarerr 2019/12/03 v1.5 Providing info/warning/error messages (HO)
)
Package pdftexcmds Info: \pdf@primitive is available.
Package pdftexcmds Info: \pdf@ifprimitive is available.
Package pdftexcmds Info: \pdfdraftmode found.
)) (C:\Users\911BL\AppData\Local\Programs\MiKTeX\tex/latex/hycolor\hycolor.sty
Package: hycolor 2020-01-27 v1.10 Color options for hyperref/bookmark (HO)
) (C:\Users\911BL\AppData\Local\Programs\MiKTeX\tex/latex/hyperref\nameref.sty
Package: nameref 2023-11-26 v2.56 Cross-referencing by name of section
 (C:\Users\911BL\AppData\Local\Programs\MiKTeX\tex/latex/refcount\refcount.sty
Package: refcount 2019/12/15 v3.6 Data extraction from label references (HO)
) (C:\Users\911BL\AppData\Local\Programs\MiKTeX\tex/generic/gettitlestring\gettitlestring.sty
Package: gettitlestring 2019/12/15 v1.6 Cleanup title references (HO)
 (C:\Users\911BL\AppData\Local\Programs\MiKTeX\tex/latex/kvoptions\kvoptions.sty
Package: kvoptions 2022-06-15 v3.15 Key value format for package options (HO)
))
\c@section@level=\count285
) (C:\Users\911BL\AppData\Local\Programs\MiKTeX\tex/latex/etoolbox\etoolbox.sty
Package: etoolbox 2020/10/05 v2.5k e-TeX tools for LaTeX (JAW)
\etb@tempcnta=\count286
) (C:\Users\911BL\AppData\Local\Programs\MiKTeX\tex/generic/stringenc\stringenc.sty
Package: stringenc 2019/11/29 v1.12 Convert strings between diff. encodings (HO)
)
\@linkdim=\dimen162
\Hy@linkcounter=\count287
\Hy@pagecounter=\count288
 (C:\Users\911BL\AppData\Local\Programs\MiKTeX\tex/latex/hyperref\pd1enc.def
File: pd1enc.def 2024-07-10 v7.01j Hyperref: PDFDocEncoding definition (HO)
Now handling font encoding PD1 ...
... no UTF-8 mapping file for font encoding PD1
) (C:\Users\911BL\AppData\Local\Programs\MiKTeX\tex/generic/intcalc\intcalc.sty
Package: intcalc 2019/12/15 v1.3 Expandable calculations with integers (HO)
)
\Hy@SavedSpaceFactor=\count289
 (C:\Users\911BL\AppData\Local\Programs\MiKTeX\tex/latex/hyperref\puenc.def
File: puenc.def 2024-07-10 v7.01j Hyperref: PDF Unicode definition (HO)
Now handling font encoding PU ...
... no UTF-8 mapping file for font encoding PU
)
Package hyperref Info: Option `colorlinks' set `true' on input line 4040.
Package hyperref Info: Hyper figures OFF on input line 4157.
Package hyperref Info: Link nesting OFF on input line 4162.
Package hyperref Info: Hyper index ON on input line 4165.
Package hyperref Info: Plain pages OFF on input line 4172.
Package hyperref Info: Backreferencing OFF on input line 4177.
Package hyperref Info: Implicit mode ON; LaTeX internals redefined.
Package hyperref Info: Bookmarks ON on input line 4424.
\c@Hy@tempcnt=\count290
 (C:\Users\911BL\AppData\Local\Programs\MiKTeX\tex/latex/url\url.sty
\Urlmuskip=\muskip18
Package: url 2013/09/16  ver 3.4  Verb mode for urls, etc.
)
LaTeX Info: Redefining \url on input line 4763.
\XeTeXLinkMargin=\dimen163
 (C:\Users\911BL\AppData\Local\Programs\MiKTeX\tex/generic/bitset\bitset.sty
Package: bitset 2019/12/09 v1.3 Handle bit-vector datatype (HO)
 (C:\Users\911BL\AppData\Local\Programs\MiKTeX\tex/generic/bigintcalc\bigintcalc.sty
Package: bigintcalc 2019/12/15 v1.5 Expandable calculations on big integers (HO)
))
\Fld@menulength=\count291
\Field@Width=\dimen164
\Fld@charsize=\dimen165
Package hyperref Info: Hyper figures OFF on input line 6042.
Package hyperref Info: Link nesting OFF on input line 6047.
Package hyperref Info: Hyper index ON on input line 6050.
Package hyperref Info: backreferencing OFF on input line 6057.
Package hyperref Info: Link coloring ON on input line 6060.
Package hyperref Info: Link coloring with OCG OFF on input line 6067.
Package hyperref Info: PDF/A mode OFF on input line 6072.
 (C:\Users\911BL\AppData\Local\Programs\MiKTeX\tex/latex/base\atbegshi-ltx.sty
Package: atbegshi-ltx 2021/01/10 v1.0c Emulation of the original atbegshi
package with kernel methods
)
\Hy@abspage=\count292
\c@Item=\count293
\c@Hfootnote=\count294
)
Package hyperref Info: Driver (autodetected): hpdftex.
 (C:\Users\911BL\AppData\Local\Programs\MiKTeX\tex/latex/hyperref\hpdftex.def
File: hpdftex.def 2024-07-10 v7.01j Hyperref driver for pdfTeX
 (C:\Users\911BL\AppData\Local\Programs\MiKTeX\tex/latex/base\atveryend-ltx.sty
Package: atveryend-ltx 2020/08/19 v1.0a Emulation of the original atveryend package
with kernel methods
)
\Fld@listcount=\count295
\c@bookmark@seq@number=\count296
 (C:\Users\911BL\AppData\Local\Programs\MiKTeX\tex/latex/rerunfilecheck\rerunfilecheck.sty
Package: rerunfilecheck 2022-07-10 v1.10 Rerun checks for auxiliary files (HO)
 (C:\Users\911BL\AppData\Local\Programs\MiKTeX\tex/generic/uniquecounter\uniquecounter.sty
Package: uniquecounter 2019/12/15 v1.4 Provide unlimited unique counter (HO)
)
Package uniquecounter Info: New unique counter `rerunfilecheck' on input line 285.
)
\Hy@SectionHShift=\skip54
) (C:\Users\911BL\AppData\Local\Programs\MiKTeX\tex/latex/tools\bm.sty
Package: bm 2023/12/19 v1.2f Bold Symbol Support (DPC/FMi)
\symboldoperators=\mathgroup4
\symboldletters=\mathgroup5
\symboldsymbols=\mathgroup6
Package bm Info: No bold for \OMX/cmex/m/n, using \pmb.
LaTeX Font Info:    Redeclaring math alphabet \mathbf on input line 149.
) (C:\Users\911BL\AppData\Local\Programs\MiKTeX\tex/latex/float\float.sty
Package: float 2001/11/08 v1.3d Float enhancements (AL)
\c@float@type=\count297
\float@exts=\toks24
\float@box=\box54
\@float@everytoks=\toks25
\@floatcapt=\box55
) (C:\Users\911BL\AppData\Local\Programs\MiKTeX\tex/latex/base\inputenc.sty
Package: inputenc 2024/02/08 v1.3d Input encoding file
\inpenc@prehook=\toks26
\inpenc@posthook=\toks27
) (C:\Users\911BL\AppData\Local\Programs\MiKTeX\tex/latex/cite\cite.sty
LaTeX Info: Redefining \cite on input line 302.
LaTeX Info: Redefining \nocite on input line 332.
Package: cite 2015/02/27  v 5.5
) (C:\Users\911BL\AppData\Local\Programs\MiKTeX\tex/latex/siunitx\siunitx.sty
Package: siunitx 2024-09-30 v3.3.22 A comprehensive (SI) units package
\l__siunitx_number_uncert_offset_int=\count298
\l__siunitx_number_exponent_fixed_int=\count299
\l__siunitx_number_min_decimal_int=\count300
\l__siunitx_number_min_integer_int=\count301
\l__siunitx_number_round_precision_int=\count302
\l__siunitx_number_lower_threshold_int=\count303
\l__siunitx_number_upper_threshold_int=\count304
\l__siunitx_number_group_first_int=\count305
\l__siunitx_number_group_size_int=\count306
\l__siunitx_number_group_minimum_int=\count307
\l__siunitx_angle_tmp_dim=\dimen166
\l__siunitx_angle_marker_box=\box56
\l__siunitx_angle_unit_box=\box57
\l__siunitx_compound_count_int=\count308
 (C:\Users\911BL\AppData\Local\Programs\MiKTeX\tex/latex/translations\translations.sty
Package: translations 2022/02/05 v1.12 internationalization of LaTeX2e packages (CN)
)
\l__siunitx_table_tmp_box=\box58
\l__siunitx_table_tmp_dim=\dimen167
\l__siunitx_table_column_width_dim=\dimen168
\l__siunitx_table_integer_box=\box59
\l__siunitx_table_decimal_box=\box60
\l__siunitx_table_uncert_box=\box61
\l__siunitx_table_before_box=\box62
\l__siunitx_table_after_box=\box63
\l__siunitx_table_before_dim=\dimen169
\l__siunitx_table_carry_dim=\dimen170
\l__siunitx_unit_tmp_int=\count309
\l__siunitx_unit_position_int=\count310
\l__siunitx_unit_total_int=\count311
 (C:\Users\911BL\AppData\Local\Programs\MiKTeX\tex/latex/tools\array.sty
Package: array 2024/06/14 v2.6d Tabular extension package (FMi)
\col@sep=\dimen171
\ar@mcellbox=\box64
\extrarowheight=\dimen172
\NC@list=\toks28
\extratabsurround=\skip55
\backup@length=\skip56
\ar@cellbox=\box65
)) (C:\Users\911BL\AppData\Local\Programs\MiKTeX\tex/latex/booktabs\booktabs.sty
Package: booktabs 2020/01/12 v1.61803398 Publication quality tables
\heavyrulewidth=\dimen173
\lightrulewidth=\dimen174
\cmidrulewidth=\dimen175
\belowrulesep=\dimen176
\belowbottomsep=\dimen177
\aboverulesep=\dimen178
\abovetopsep=\dimen179
\cmidrulesep=\dimen180
\cmidrulekern=\dimen181
\defaultaddspace=\dimen182
\@cmidla=\count312
\@cmidlb=\count313
\@aboverulesep=\dimen183
\@belowrulesep=\dimen184
\@thisruleclass=\count314
\@lastruleclass=\count315
\@thisrulewidth=\dimen185
) (C:\Users\911BL\AppData\Local\Programs\MiKTeX\tex/latex/lipsum\lipsum.sty (C:\Users\911BL\AppData\Local\Programs\MiKTeX\tex/latex/l3packages/l3keys2e\l3keys2e.sty (C:\Users\911BL\AppData\Local\Programs\MiKTeX\tex/latex/l3kernel\expl3.sty
Package: expl3 2024-08-30 L3 programming layer (loader) 
 (C:\Users\911BL\AppData\Local\Programs\MiKTeX\tex/latex/l3backend\l3backend-pdftex.def
File: l3backend-pdftex.def 2024-05-08 L3 backend support: PDF output (pdfTeX)
\l__color_backend_stack_int=\count316
\l__pdf_internal_box=\box66
))
Package: l3keys2e 2024-08-16 LaTeX2e option processing using LaTeX3 keys
)
Package: lipsum 2021-09-20 v2.7 150 paragraphs of Lorem Ipsum dummy text
\g__lipsum_par_int=\count317
\l__lipsum_a_int=\count318
\l__lipsum_b_int=\count319
 (C:\Users\911BL\AppData\Local\Programs\MiKTeX\tex/latex/lipsum\lipsum.ltd.tex)) (C:\Users\911BL\AppData\Local\Programs\MiKTeX\tex/latex/fancyhdr\fancyhdr.sty
Package: fancyhdr 2024/07/23 v4.3.1 Extensive control of page headers and footers
\f@nch@headwidth=\skip57
\f@nch@O@elh=\skip58
\f@nch@O@erh=\skip59
\f@nch@O@olh=\skip60
\f@nch@O@orh=\skip61
\f@nch@O@elf=\skip62
\f@nch@O@erf=\skip63
\f@nch@O@olf=\skip64
\f@nch@O@orf=\skip65
) (C:\Users\911BL\AppData\Local\Programs\MiKTeX\tex/latex/graphics\color.sty
Package: color 2024/01/14 v1.3d Standard LaTeX Color (DPC)
 (C:\Users\911BL\AppData\Local\Programs\MiKTeX\tex/latex/graphics-cfg\color.cfg
File: color.cfg 2016/01/02 v1.6 sample color configuration
)
Package color Info: Driver file: pdftex.def on input line 149.
 (C:\Users\911BL\AppData\Local\Programs\MiKTeX\tex/latex/graphics\mathcolor.ltx)) (c:\Users\911BL\Documents\GitHub\LFR\LFR Report LaTeX - Sections split up\aux_dir\main.aux (c:\Users\911BL\Documents\GitHub\LFR\LFR Report LaTeX - Sections split up\aux_dir\Contents/methodology.aux) (c:\Users\911BL\Documents\GitHub\LFR\LFR Report LaTeX - Sections split up\aux_dir\Contents/results_and_discussion.aux) (c:\Users\911BL\Documents\GitHub\LFR\LFR Report LaTeX - Sections split up\aux_dir\Contents/appendix.aux))
\openout1 = `main.aux'.

LaTeX Font Info:    Checking defaults for OML/cmm/m/it on input line 36.
LaTeX Font Info:    ... okay on input line 36.
LaTeX Font Info:    Checking defaults for OMS/cmsy/m/n on input line 36.
LaTeX Font Info:    ... okay on input line 36.
LaTeX Font Info:    Checking defaults for OT1/cmr/m/n on input line 36.
LaTeX Font Info:    ... okay on input line 36.
LaTeX Font Info:    Checking defaults for T1/cmr/m/n on input line 36.
LaTeX Font Info:    ... okay on input line 36.
LaTeX Font Info:    Checking defaults for TS1/cmr/m/n on input line 36.
LaTeX Font Info:    ... okay on input line 36.
LaTeX Font Info:    Checking defaults for OMX/cmex/m/n on input line 36.
LaTeX Font Info:    ... okay on input line 36.
LaTeX Font Info:    Checking defaults for U/cmr/m/n on input line 36.
LaTeX Font Info:    ... okay on input line 36.
LaTeX Font Info:    Checking defaults for PD1/pdf/m/n on input line 36.
LaTeX Font Info:    ... okay on input line 36.
LaTeX Font Info:    Checking defaults for PU/pdf/m/n on input line 36.
LaTeX Font Info:    ... okay on input line 36.

*geometry* driver: auto-detecting
*geometry* detected driver: pdftex
*geometry* verbose mode - [ preamble ] result:
* driver: pdftex
* paper: a4paper
* layout: <same size as paper>
* layoutoffset:(h,v)=(0.0pt,0.0pt)
* modes: 
* h-part:(L,W,R)=(56.9055pt, 483.69687pt, 56.9055pt)
* v-part:(T,H,B)=(56.9055pt, 731.23584pt, 56.9055pt)
* \paperwidth=597.50787pt
* \paperheight=845.04684pt
* \textwidth=483.69687pt
* \textheight=731.23584pt
* \oddsidemargin=-15.36449pt
* \evensidemargin=-15.36449pt
* \topmargin=-52.36449pt
* \headheight=12.0pt
* \headsep=25.0pt
* \topskip=10.0pt
* \footskip=30.0pt
* \marginparwidth=56.9055pt
* \marginparsep=11.0pt
* \columnsep=10.0pt
* \skip\footins=9.0pt plus 4.0pt minus 2.0pt
* \hoffset=0.0pt
* \voffset=0.0pt
* \mag=1000
* \@twocolumnfalse
* \@twosidefalse
* \@mparswitchfalse
* \@reversemarginfalse
* (1in=72.27pt=25.4mm, 1cm=28.453pt)

(C:\Users\911BL\AppData\Local\Programs\MiKTeX\tex/context/base/mkii\supp-pdf.mkii
[Loading MPS to PDF converter (version 2006.09.02).]
\scratchcounter=\count320
\scratchdimen=\dimen186
\scratchbox=\box67
\nofMPsegments=\count321
\nofMParguments=\count322
\everyMPshowfont=\toks29
\MPscratchCnt=\count323
\MPscratchDim=\dimen187
\MPnumerator=\count324
\makeMPintoPDFobject=\count325
\everyMPtoPDFconversion=\toks30
) (C:\Users\911BL\AppData\Local\Programs\MiKTeX\tex/latex/epstopdf-pkg\epstopdf-base.sty
Package: epstopdf-base 2020-01-24 v2.11 Base part for package epstopdf
Package epstopdf-base Info: Redefining graphics rule for `.eps' on input line 485.
 (C:\Users\911BL\AppData\Local\Programs\MiKTeX\tex/latex/00miktex\epstopdf-sys.cfg
File: epstopdf-sys.cfg 2021/03/18 v2.0 Configuration of epstopdf for MiKTeX
))
Package hyperref Info: Link coloring ON on input line 36.
 (c:\Users\911BL\Documents\GitHub\LFR\LFR Report LaTeX - Sections split up\aux_dir\main.out) (c:\Users\911BL\Documents\GitHub\LFR\LFR Report LaTeX - Sections split up\aux_dir\main.out)
\@outlinefile=\write3
\openout3 = `main.out'.

 (C:\Users\911BL\AppData\Local\Programs\MiKTeX\tex/latex/translations/dicts\translations-basic-dictionary-english.trsl
File: translations-basic-dictionary-english.trsl (english translation file `translations-basic-dictionary')
)
Package translations Info: loading dictionary `translations-basic-dictionary' for `english'. on input line 36.
<REPORT/uclogov3.jpeg, id=99, 947.54pt x 631.35875pt>
File: REPORT/uclogov3.jpeg Graphic file (type jpg)
<use REPORT/uclogov3.jpeg>
Package pdftex.def Info: REPORT/uclogov3.jpeg  used on input line 39.
(pdftex.def)             Requested size: 193.47578pt x 128.90915pt.


[1

{C:/Users/911BL/AppData/Local/MiKTeX/fonts/map/pdftex/pdftex.map} <./REPORT/uclogov3.jpeg>]

[2] (c:\Users\911BL\Documents\GitHub\LFR\LFR Report LaTeX - Sections split up\aux_dir\main.toc)
\tf@toc=\write4
\openout4 = `main.toc'.



[3]

LaTeX Warning: Citation `enmt221_lfr2024' on page 4 undefined on input line 54.


LaTeX Warning: Citation `kumaresan2017line' on page 4 undefined on input line 54.


LaTeX Warning: Citation `gumus2016line' on page 4 undefined on input line 54.



[4]
\openout2 = `Contents/methodology.aux'.

 (Contents/methodology.tex
Underfull \hbox (badness 10000) in paragraph at lines 3--5

 []

<REPORT/MotorControlCircuit.png, id=157, 453.695pt x 204.765pt>
File: REPORT/MotorControlCircuit.png Graphic file (type png)
<use REPORT/MotorControlCircuit.png>
Package pdftex.def Info: REPORT/MotorControlCircuit.png  used on input line 11.
(pdftex.def)             Requested size: 386.95897pt x 174.6447pt.

Underfull \hbox (badness 10000) in paragraph at lines 16--18

 []

<REPORT/VinputandReg.png, id=160, 1623.06375pt x 630.355pt>
File: REPORT/VinputandReg.png Graphic file (type png)
<use REPORT/VinputandReg.png>
Package pdftex.def Info: REPORT/VinputandReg.png  used on input line 21.
(pdftex.def)             Requested size: 386.95897pt x 150.27835pt.


[5


pdfTeX warning (ext4): destination with the same identifier (name{figure.1}) has been already used, duplicate ignored
<argument> ...shipout:D \box_use:N \l_shipout_box 
                                                  \__shipout_drop_firstpage_...
l.25 
      <./REPORT/MotorControlCircuit.png>]
Underfull \hbox (badness 10000) in paragraph at lines 26--28

 []

<REPORT/Sensor.png, id=175, 1192.455pt x 686.565pt>
File: REPORT/Sensor.png Graphic file (type png)
<use REPORT/Sensor.png>
Package pdftex.def Info: REPORT/Sensor.png  used on input line 32.
(pdftex.def)             Requested size: 338.58632pt x 194.93973pt.

Underfull \hbox (badness 10000) in paragraph at lines 37--39

 []


Underfull \hbox (badness 10000) in paragraph at lines 40--42

 []

<REPORT/Crystal.png, id=177, 1491.5725pt x 550.055pt>
File: REPORT/Crystal.png Graphic file (type png)
<use REPORT/Crystal.png>
Package pdftex.def Info: REPORT/Crystal.png  used on input line 49.
(pdftex.def)             Requested size: 338.58632pt x 124.85654pt.


[6
pdfTeX warning (ext4): destination with the same identifier (name{figure.2}) has been already used, duplicate ignored
<argument> ...shipout:D \box_use:N \l_shipout_box 
                                                  \__shipout_drop_firstpage_...
l.52 \end{figure}
                 
pdfTeX warning (ext4): destination with the same identifier (name{figure.3}) has been already used, duplicate ignored
<argument> ...shipout:D \box_use:N \l_shipout_box 
                                                  \__shipout_drop_firstpage_...
l.52 \end{figure}
                  <./REPORT/VinputandReg.png> <./REPORT/Sensor.png>]
Underfull \hbox (badness 10000) in paragraph at lines 54--56

 []

<REPORT/MicroCon.png, id=184, 1438.37375pt x 439.6425pt>
File: REPORT/MicroCon.png Graphic file (type png)
<use REPORT/MicroCon.png>
Package pdftex.def Info: REPORT/MicroCon.png  used on input line 61.
(pdftex.def)             Requested size: 401.46928pt x 122.70996pt.
<REPORT/Reset.png, id=185, 834.11626pt x 340.27126pt>
File: REPORT/Reset.png Graphic file (type png)
<use REPORT/Reset.png>
Package pdftex.def Info: REPORT/Reset.png  used on input line 68.
(pdftex.def)             Requested size: 241.84843pt x 98.66055pt.
<REPORT/LED.png, id=186, 566.115pt x 412.54124pt>
File: REPORT/LED.png Graphic file (type png)
<use REPORT/LED.png>
Package pdftex.def Info: REPORT/LED.png  used on input line 75.
(pdftex.def)             Requested size: 169.29684pt x 123.36674pt.


[7
pdfTeX warning (ext4): destination with the same identifier (name{figure.4}) has been already used, duplicate ignored
<argument> ...shipout:D \box_use:N \l_shipout_box 
                                                  \__shipout_drop_firstpage_...
l.79 
     
pdfTeX warning (ext4): destination with the same identifier (name{figure.5}) has been already used, duplicate ignored
<argument> ...shipout:D \box_use:N \l_shipout_box 
                                                  \__shipout_drop_firstpage_...
l.79 
     
pdfTeX warning (ext4): destination with the same identifier (name{figure.6}) has been already used, duplicate ignored
<argument> ...shipout:D \box_use:N \l_shipout_box 
                                                  \__shipout_drop_firstpage_...
l.79 
      <./REPORT/Crystal.png> <./REPORT/MicroCon.png> <./REPORT/Reset.png>]
<REPORT/MotorON.png, id=195, 834.11626pt x 293.095pt>
File: REPORT/MotorON.png Graphic file (type png)
<use REPORT/MotorON.png>
Package pdftex.def Info: REPORT/MotorON.png  used on input line 82.
(pdftex.def)             Requested size: 290.22107pt x 101.98102pt.

Underfull \hbox (badness 10000) in paragraph at lines 87--89

 []


Underfull \hbox (badness 10000) in paragraph at lines 90--92

 []

<REPORT/initpcb.png, id=200, 888.31876pt x 787.94376pt>
File: REPORT/initpcb.png Graphic file (type png)
<use REPORT/initpcb.png>
Package pdftex.def Info: REPORT/initpcb.png  used on input line 100.
(pdftex.def)             Requested size: 193.47578pt x 171.60481pt.


[8
pdfTeX warning (ext4): destination with the same identifier (name{figure.7}) has been already used, duplicate ignored
<argument> ...shipout:D \box_use:N \l_shipout_box 
                                                  \__shipout_drop_firstpage_...
l.104 
      
pdfTeX warning (ext4): destination with the same identifier (name{figure.8}) has been already used, duplicate ignored
<argument> ...shipout:D \box_use:N \l_shipout_box 
                                                  \__shipout_drop_firstpage_...
l.104 
       <./REPORT/LED.png> <./REPORT/MotorON.png>]
<REPORT/Screenshot 2024-10-20 at 2.37.22 PM.png, id=209, 1254.6875pt x 584.1825pt>
File: REPORT/Screenshot 2024-10-20 at 2.37.22 PM.png Graphic file (type png)
<use REPORT/Screenshot 2024-10-20 at 2.37.22 PM.png>
Package pdftex.def Info: REPORT/Screenshot 2024-10-20 at 2.37.22 PM.png  used on input line 109.
(pdftex.def)             Requested size: 338.58632pt x 157.64224pt.

Underfull \hbox (badness 10000) in paragraph at lines 114--116

 []


Underfull \hbox (badness 10000) in paragraph at lines 117--119

 []


Underfull \hbox (badness 10000) in paragraph at lines 123--125

 []


Underfull \hbox (badness 10000) in paragraph at lines 126--128

 []



[9
pdfTeX warning (ext4): destination with the same identifier (name{figure.9}) has been already used, duplicate ignored
<argument> ...shipout:D \box_use:N \l_shipout_box 
                                                  \__shipout_drop_firstpage_...
l.128 
      
pdfTeX warning (ext4): destination with the same identifier (name{figure.10}) has been already used, duplicate ignored
<argument> ...shipout:D \box_use:N \l_shipout_box 
                                                  \__shipout_drop_firstpage_...
l.128 
       <./REPORT/initpcb.png> <./REPORT/Screenshot 2024-10-20 at 2.37.22 PM.png>]
Underfull \hbox (badness 10000) in paragraph at lines 129--131

 []


Underfull \hbox (badness 10000) in paragraph at lines 132--134

 []


Underfull \hbox (badness 10000) in paragraph at lines 139--141

 []


Underfull \hbox (badness 10000) in paragraph at lines 142--144

 []


Underfull \hbox (badness 10000) in paragraph at lines 145--147

 []


Underfull \hbox (badness 10000) in paragraph at lines 148--150

 []

<REPORT/SensorAdjust.png, id=220, 1305.87875pt x 775.89874pt>
File: REPORT/SensorAdjust.png Graphic file (type png)
<use REPORT/SensorAdjust.png>
Package pdftex.def Info: REPORT/SensorAdjust.png  used on input line 158.
(pdftex.def)             Requested size: 266.03474pt x 158.06577pt.


[10]
Underfull \hbox (badness 10000) in paragraph at lines 163--165

 []


Underfull \hbox (badness 10000) in paragraph at lines 172--174

 []


Underfull \hbox (badness 10000) in paragraph at lines 192--194

 []



[11
pdfTeX warning (ext4): destination with the same identifier (name{figure.11}) has been already used, duplicate ignored
<argument> ...shipout:D \box_use:N \l_shipout_box 
                                                  \__shipout_drop_firstpage_...
l.194 
       <./REPORT/SensorAdjust.png>]
Underfull \hbox (badness 10000) in paragraph at lines 195--197

 []

<REPORT/MainBod.png, id=236, 1606.0pt x 469.755pt>
File: REPORT/MainBod.png Graphic file (type png)
<use REPORT/MainBod.png>
Package pdftex.def Info: REPORT/MainBod.png  used on input line 202.
(pdftex.def)             Requested size: 338.58632pt x 99.03136pt.
<REPORT/MotorHinge.png, id=238, 841.1425pt x 652.4375pt>
File: REPORT/MotorHinge.png Graphic file (type png)
<use REPORT/MotorHinge.png>
Package pdftex.def Info: REPORT/MotorHinge.png  used on input line 212.
(pdftex.def)             Requested size: 145.11053pt x 112.55554pt.
<REPORT/Wheels.png, id=240, 1514.65875pt x 722.7pt>
File: REPORT/Wheels.png Graphic file (type png)
<use REPORT/Wheels.png>
Package pdftex.def Info: REPORT/Wheels.png  used on input line 222.
(pdftex.def)             Requested size: 241.84843pt x 115.39175pt.


[12
pdfTeX warning (ext4): destination with the same identifier (name{figure.12}) has been already used, duplicate ignored
<argument> ...shipout:D \box_use:N \l_shipout_box 
                                                  \__shipout_drop_firstpage_...
l.226 
      
pdfTeX warning (ext4): destination with the same identifier (name{figure.13}) has been already used, duplicate ignored
<argument> ...shipout:D \box_use:N \l_shipout_box 
                                                  \__shipout_drop_firstpage_...
l.226 
       <./REPORT/MainBod.png> <./REPORT/MotorHinge.png>])

[13
pdfTeX warning (ext4): destination with the same identifier (name{figure.14}) has been already used, duplicate ignored
<argument> ...shipout:D \box_use:N \l_shipout_box 
                                                  \__shipout_drop_firstpage_...
l.56 \include{Contents/methodology.tex}
                                        <./REPORT/Wheels.png>]
\openout2 = `Contents/results_and_discussion.aux'.

 (Contents/results_and_discussion.tex
Underfull \hbox (badness 10000) in paragraph at lines 2--4

 []

<REPORT/plotv3.png, id=257, 462.528pt x 346.896pt>
File: REPORT/plotv3.png Graphic file (type png)
<use REPORT/plotv3.png>
Package pdftex.def Info: REPORT/plotv3.png  used on input line 9.
(pdftex.def)             Requested size: 241.84843pt x 181.38736pt.

Underfull \hbox (badness 10000) in paragraph at lines 14--16

 []


Underfull \hbox (badness 10000) in paragraph at lines 17--19

 []


Underfull \hbox (badness 10000) in paragraph at lines 20--22

 []



[14




pdfTeX warning (ext4): destination with the same identifier (name{figure.15}) has been already used, duplicate ignored
<argument> ...shipout:D \box_use:N \l_shipout_box 
                                                  \__shipout_drop_firstpage_...
l.22 
      <./REPORT/plotv3.png>])

[15]

[16


]
No file main.bbl.


[17]
\openout2 = `Contents/appendix.aux'.

 (Contents/appendix.tex
<REPORT/LFR_main.png, id=279, 475.7775pt x 664.4825pt>
File: REPORT/LFR_main.png Graphic file (type png)
<use REPORT/LFR_main.png>
Package pdftex.def Info: REPORT/LFR_main.png  used on input line 9.
(pdftex.def)             Requested size: 386.95897pt x 540.4585pt.
<REPORT/Motorscode.png, id=280, 516.93124pt x 197.73875pt>
File: REPORT/Motorscode.png Graphic file (type png)
<use REPORT/Motorscode.png>
Package pdftex.def Info: REPORT/Motorscode.png  used on input line 16.
(pdftex.def)             Requested size: 386.95897pt x 148.02611pt.


[18

 <./REPORT/LFR_main.png>]
<REPORT/sensorscode.png, id=286, 248.93pt x 233.87375pt>
File: REPORT/sensorscode.png Graphic file (type png)
<use REPORT/sensorscode.png>
Package pdftex.def Info: REPORT/sensorscode.png  used on input line 23.
(pdftex.def)             Requested size: 386.95897pt x 363.58539pt.
<REPORT/ledscode.png, id=287, 284.06125pt x 380.42125pt>
File: REPORT/ledscode.png Graphic file (type png)
<use REPORT/ledscode.png>
Package pdftex.def Info: REPORT/ledscode.png  used on input line 30.
(pdftex.def)             Requested size: 386.95897pt x 518.27737pt.


[19 <./REPORT/Motorscode.png> <./REPORT/sensorscode.png>]
<REPORT/configcode.png, id=295, 381.425pt x 413.545pt>
File: REPORT/configcode.png Graphic file (type png)
<use REPORT/configcode.png>
Package pdftex.def Info: REPORT/configcode.png  used on input line 37.
(pdftex.def)             Requested size: 386.95897pt x 419.56387pt.


[20 <./REPORT/ledscode.png>]
Overfull \hbox (2.39421pt too wide) in paragraph at lines 40--40
[]\OT1/cmr/bx/n/14.4 Table for LFR Course Times by Sen-sor Con-fig-u-ra-tions and Weight 
 []

<REPORT/Screenshot 2024-10-20 at 3.11.46 AM.png, id=301, 988.69376pt x 422.57875pt>
File: REPORT/Screenshot 2024-10-20 at 3.11.46 AM.png Graphic file (type png)
<use REPORT/Screenshot 2024-10-20 at 3.11.46 AM.png>
Package pdftex.def Info: REPORT/Screenshot 2024-10-20 at 3.11.46 AM.png  used on input line 43.
(pdftex.def)             Requested size: 386.95897pt x 165.38536pt.
<REPORT/Screenshot 2024-10-20 at 3.10.45 PM.png, id=302, 626.34pt x 866.23625pt>
File: REPORT/Screenshot 2024-10-20 at 3.10.45 PM.png Graphic file (type png)
<use REPORT/Screenshot 2024-10-20 at 3.10.45 PM.png>
Package pdftex.def Info: REPORT/Screenshot 2024-10-20 at 3.10.45 PM.png  used on input line 49.
(pdftex.def)             Requested size: 386.95897pt x 535.18402pt.
)

[21 <./REPORT/configcode.png> <./REPORT/Screenshot 2024-10-20 at 3.11.46 AM.png>]

[22 <./REPORT/Screenshot 2024-10-20 at 3.10.45 PM.png>] (c:\Users\911BL\Documents\GitHub\LFR\LFR Report LaTeX - Sections split up\aux_dir\main.aux (c:\Users\911BL\Documents\GitHub\LFR\LFR Report LaTeX - Sections split up\aux_dir\Contents/methodology.aux) (c:\Users\911BL\Documents\GitHub\LFR\LFR Report LaTeX - Sections split up\aux_dir\Contents/results_and_discussion.aux) (c:\Users\911BL\Documents\GitHub\LFR\LFR Report LaTeX - Sections split up\aux_dir\Contents/appendix.aux))
 ***********
LaTeX2e <2024-06-01> patch level 2
L3 programming layer <2024-08-30>
 ***********


LaTeX Warning: There were undefined references.

Package rerunfilecheck Info: File `main.out' has not changed.
(rerunfilecheck)             Checksum: AEF59366B7C83212099F3850F4143926;3338.
 ) 
Here is how much of TeX's memory you used:
 15867 strings out of 473899
 319000 string characters out of 5726500
 779563 words of memory out of 5000000
 38456 multiletter control sequences out of 15000+600000
 571063 words of font info for 80 fonts, out of 8000000 for 9000
 1141 hyphenation exceptions out of 8191
 79i,11n,93p,1599b,941s stack positions out of 10000i,1000n,20000p,200000b,200000s
 <C:\Users\911BL\AppData\Local\MiKTeX\fonts/pk/ljfour/jknappen/ec/dpi600\tcrm1000.pk><C:/Users/911BL/AppData/Local/Programs/MiKTeX/fonts/type1/public/amsfonts/cm/cmbx10.pfb><C:/Users/911BL/AppData/Local/Programs/MiKTeX/fonts/type1/public/amsfonts/cm/cmbx12.pfb><C:/Users/911BL/AppData/Local/Programs/MiKTeX/fonts/type1/public/amsfonts/cm/cmbx9.pfb><C:/Users/911BL/AppData/Local/Programs/MiKTeX/fonts/type1/public/amsfonts/cm/cmmi10.pfb><C:/Users/911BL/AppData/Local/Programs/MiKTeX/fonts/type1/public/amsfonts/cm/cmmi6.pfb><C:/Users/911BL/AppData/Local/Programs/MiKTeX/fonts/type1/public/amsfonts/cm/cmmi7.pfb><C:/Users/911BL/AppData/Local/Programs/MiKTeX/fonts/type1/public/amsfonts/cm/cmr10.pfb><C:/Users/911BL/AppData/Local/Programs/MiKTeX/fonts/type1/public/amsfonts/cm/cmr12.pfb><C:/Users/911BL/AppData/Local/Programs/MiKTeX/fonts/type1/public/amsfonts/cm/cmr9.pfb>
Output written on "c:\Users\911BL\Documents\GitHub\LFR\LFR Report LaTeX - Sections split up\aux_dir\main.pdf" (22 pages, 13810514 bytes).
PDF statistics:
 374 PDF objects out of 1000 (max. 8388607)
 63 named destinations out of 1000 (max. 500000)
 308 words of extra memory for PDF output out of 10000 (max. 10000000)

